#
# A fatal error has been detected by the Java Runtime Environment:
#
#  SIGFPE (0x8) at pc=0x000000011c13b6e8, pid=818, tid=7171
#
# JRE version: OpenJDK Runtime Environment AdoptOpenJDK (11.0.10+9) (build 11.0.10+9)
# Java VM: OpenJDK 64-Bit Server VM AdoptOpenJDK (11.0.10+9, mixed mode, tiered, compressed oops, g1 gc, bsd-amd64)
# Problematic frame:
# j  infection.main([Ljava/lang/String;)V+34
#
# No core dump will be written. Core dumps have been disabled. To enable core dumping, try "ulimit -c unlimited" before starting Java again
#
# If you would like to submit a bug report, please visit:
#   https://github.com/AdoptOpenJDK/openjdk-support/issues
#

---------------  S U M M A R Y ------------

Command Line: infection

Host: MacBookPro17,1 x86_64 2400 MHz, 8 cores, 8G, Darwin 20.3.0
Time: Tue Apr 27 17:08:33 2021 CEST elapsed time: 0.107663 seconds (0d 0h 0m 0s)

---------------  T H R E A D  ---------------

Current thread (0x00007fc51281f000):  JavaThread "main" [_thread_in_Java, id=7171, stack(0x000000030df0e000,0x000000030e00e000)]

Stack: [0x000000030df0e000,0x000000030e00e000],  sp=0x000000030e00da88,  free space=1022k
Native frames: (J=compiled Java code, A=aot compiled Java code, j=interpreted, Vv=VM code, C=native code)
j  infection.main([Ljava/lang/String;)V+34
v  ~StubRoutines::call_stub
V  [libjvm.dylib+0x3b0b2c]  JavaCalls::call_helper(JavaValue*, methodHandle const&, JavaCallArguments*, Thread*)+0x21a
V  [libjvm.dylib+0x3f5982]  jni_invoke_static(JNIEnv_*, JavaValue*, _jobject*, JNICallType, _jmethodID*, JNI_ArgumentPusher*, Thread*)+0x10a
V  [libjvm.dylib+0x3f9172]  jni_CallStaticVoidMethod+0x1d2
C  [libjli.dylib+0x4b29]  JavaMain+0xab0
C  [libsystem_pthread.dylib+0x6950]  _pthread_start+0xe0
C  [libsystem_pthread.dylib+0x247b]  thread_start+0xf


siginfo: si_signo: 8 (SIGFPE), si_code: 5 (FPE_FLTINV), si_addr: 0x000000011c13b6e8

Register to memory mapping:

RAX=0x0000000000000001 is an unknown value
RBX=0x0000000000000070 is an unknown value
RCX=0x0 is NULL
RDX=0x0 is NULL
RSP=0x000000030e00da88 is pointing into the stack for thread: 0x00007fc51281f000
RBP=0x000000030e00dad8 is pointing into the stack for thread: 0x00007fc51281f000
RSI=0x0 is NULL
RDI=0x00007fc51281f000 is a thread
R8 =0x0000000000000006 is an unknown value
R9 =0x0 is NULL
R10=0x00000001121d7420: _ZN19TemplateInterpreter13_active_tableE+0x4800 in /Library/Java/JavaVirtualMachines/adoptopenjdk-11.jdk/Contents/Home/lib/server/libjvm.dylib at 0x0000000111800000
R11=0x0000000131dc0000 is pointing into metadata
R12=0x0 is NULL
R13=0x0000000131dc09e5 is pointing into metadata
R14=0x000000030e00daf8 is pointing into the stack for thread: 0x00007fc51281f000
R15=0x00007fc51281f000 is a thread


Registers:
RAX=0x0000000000000001, RBX=0x0000000000000070, RCX=0x0000000000000000, RDX=0x0000000000000000
RSP=0x000000030e00da88, RBP=0x000000030e00dad8, RSI=0x0000000000000000, RDI=0x00007fc51281f000
R8 =0x0000000000000006, R9 =0x0000000000000000, R10=0x00000001121d7420, R11=0x0000000131dc0000
R12=0x0000000000000000, R13=0x0000000131dc09e5, R14=0x000000030e00daf8, R15=0x00007fc51281f000
RIP=0x000000011c13b6e8, EFLAGS=0x0000000000000a83, ERR=0x0000000000000000
  TRAPNO=0x0000000000000000

Top of Stack: (sp=0x000000030e00da88)
0x000000030e00da88:   0000000000000000 000000030e00da90
0x000000030e00da98:   0000000131dc09e2 000000030e00daf8
0x000000030e00daa8:   0000000131dc0ae0 0000000000000000
0x000000030e00dab8:   0000000787e1b298 0000000131dc0a70
0x000000030e00dac8:   0000000000000000 000000030e00daf8
0x000000030e00dad8:   000000030e00db60 000000011c127bc7
0x000000030e00dae8:   0000000000000000 0000000787e1c0b0
0x000000030e00daf8:   0000000787e1c0a0 0000000300001fa0
0x000000030e00db08:   000000030e00dce0 000000030e00de98
0x000000030e00db18:   0000000131dc0a70 00007fc51281f000
0x000000030e00db28:   0000000000000001 000000030e00dbc0
0x000000030e00db38:   000000030e00dea0 000000030000000a
0x000000030e00db48:   0000000131dc0a70 000000011c135180
0x000000030e00db58:   000000030e00dce8 000000030e00dc50
0x000000030e00db68:   0000000111bb0b2c 0000000000000001
0x000000030e00db78:   00007fc51281f000 0000000000000000
0x000000030e00db88:   00007fc51281f000 00007fc51241d630
0x000000030e00db98:   00007fc51241d830 00007fc51241d840
0x000000030e00dba8:   00007fc51241d918 00000000000000d8
0x000000030e00dbb8:   00007fc51241d170 00007fc51281f000
0x000000030e00dbc8:   00007fc51241e700 0000000131dc0a70
0x000000030e00dbd8:   0000000000000000 0000000000000000
0x000000030e00dbe8:   0000000000000000 0000000000000000
0x000000030e00dbf8:   000000030e00de98 000000011c127b3f
0x000000030e00dc08:   000000011c135180 0000000a0e00dc30
0x000000030e00dc18:   000000030e00dea0 000000030e00dc50
0x000000030e00dc28:   00007fc51281f000 000000030e00dda0
0x000000030e00dc38:   000000030e00dce0 000000030e00dc60
0x000000030e00dc48:   000000030e00de98 000000030e00dd90
0x000000030e00dc58:   0000000111bf5982 0000000112157390
0x000000030e00dc68:   00007fc518095948 0000000000000015
0x000000030e00dc78:   00007fff88970000 000000000000153d 

Instructions: (pc=0x000000011c13b6e8)
0x000000011c13b5e8:   c4 1e ff 11 01 00 00 00 6e 00 00 00 00 00 00 00
0x000000011c13b5f8:   00 00 00 00 00 00 00 00 f3 0f 10 04 24 48 83 c4
0x000000011c13b608:   08 0f 28 c8 f3 0f 10 04 24 48 83 c4 08 f3 0f 5e
0x000000011c13b618:   c1 41 0f b6 5d 01 49 ff c5 49 ba 20 5c 1d 12 01
0x000000011c13b628:   00 00 00 41 ff 24 da 90 00 00 00 00 00 00 00 00
0x000000011c13b638:   00 00 00 00 00 00 00 00 60 00 00 00 00 00 00 00
0x000000011c13b648:   c9 1e ff 11 01 00 00 00 6f 00 00 00 00 00 00 00
0x000000011c13b658:   00 00 00 00 00 00 00 00 f2 0f 10 04 24 48 83 c4
0x000000011c13b668:   10 66 0f 28 c8 f2 0f 10 04 24 48 83 c4 10 f2 0f
0x000000011c13b678:   5e c1 41 0f b6 5d 01 49 ff c5 49 ba 20 64 1d 12
0x000000011c13b688:   01 00 00 00 41 ff 24 da 00 00 00 00 00 00 00 00
0x000000011c13b698:   00 00 00 00 00 00 00 00 80 00 00 00 00 00 00 00
0x000000011c13b6a8:   ce 1e ff 11 01 00 00 00 70 00 00 00 00 00 00 00
0x000000011c13b6b8:   00 00 00 00 00 00 00 00 8b 04 24 48 83 c4 08 8b
0x000000011c13b6c8:   c8 8b 04 24 48 83 c4 08 81 f8 00 00 00 80 0f 85
0x000000011c13b6d8:   0b 00 00 00 33 d2 83 f9 ff 0f 84 03 00 00 00 99
0x000000011c13b6e8:   f7 f9 8b c2 41 0f b6 5d 01 49 ff c5 49 ba 20 4c
0x000000011c13b6f8:   1d 12 01 00 00 00 41 ff 24 da 66 0f 1f 44 00 00
0x000000011c13b708:   00 00 00 00 00 00 00 00 00 00 00 00 00 00 00 00
0x000000011c13b718:   00 00 00 00 00 00 00 00 80 00 00 00 00 00 00 00
0x000000011c13b728:   d3 1e ff 11 01 00 00 00 71 00 00 00 00 00 00 00
0x000000011c13b738:   00 00 00 00 00 00 00 00 48 8b 04 24 48 83 c4 10
0x000000011c13b748:   48 8b c8 48 8b 04 24 48 83 c4 10 48 85 c9 0f 84
0x000000011c13b758:   13 97 ff ff 48 3b 05 cd 33 f3 f5 0f 85 0c 00 00
0x000000011c13b768:   00 33 d2 48 83 f9 ff 0f 84 05 00 00 00 48 99 48
0x000000011c13b778:   f7 f9 48 8b c2 41 0f b6 5d 01 49 ff c5 49 ba 20
0x000000011c13b788:   54 1d 12 01 00 00 00 41 ff 24 da 0f 1f 44 00 00
0x000000011c13b798:   00 00 00 00 00 00 00 00 80 00 00 00 00 00 00 00
0x000000011c13b7a8:   d8 1e ff 11 01 00 00 00 72 00 00 00 00 00 00 00
0x000000011c13b7b8:   00 00 00 00 00 00 00 00 f3 0f 10 04 24 48 83 c4
0x000000011c13b7c8:   08 0f 28 c8 f3 0f 10 04 24 48 83 c4 08 f7 c4 0f
0x000000011c13b7d8:   00 00 00 0f 84 12 00 00 00 48 83 ec 08 e8 8a a1 


Stack slot to memory mapping:
stack at sp + 0 slots: 0x0 is NULL
stack at sp + 1 slots: 0x000000030e00da90 is pointing into the stack for thread: 0x00007fc51281f000
stack at sp + 2 slots: 0x0000000131dc09e2 is pointing into metadata
stack at sp + 3 slots: 0x000000030e00daf8 is pointing into the stack for thread: 0x00007fc51281f000
stack at sp + 4 slots: 0x0000000131dc0ae0 is pointing into metadata
stack at sp + 5 slots: 0x0 is NULL
stack at sp + 6 slots: 0x0000000787e1b298 is an oop: java.lang.Class 
{0x0000000787e1b298} - klass: 'java/lang/Class'
stack at sp + 7 slots: {method} {0x0000000131dc0a70} 'main' '([Ljava/lang/String;)V' in 'infection'

irem  112 irem  [0x000000011c13b6c0, 0x000000011c13b720]  96 bytes

---------------  P R O C E S S  ---------------

Threads class SMR info:
_java_thread_list=0x00007fc512558820, length=9, elements={
0x00007fc51281f000, 0x00007fc512887000, 0x00007fc51288a000, 0x00007fc512891000,
0x00007fc5128a4800, 0x00007fc5128a5800, 0x00007fc513091000, 0x00007fc5128be800,
0x00007fc5128a2800
}

Java Threads: ( => current thread )
=>0x00007fc51281f000 JavaThread "main" [_thread_in_Java, id=7171, stack(0x000000030df0e000,0x000000030e00e000)]
  0x00007fc512887000 JavaThread "Reference Handler" daemon [_thread_blocked, id=16899, stack(0x000000030e623000,0x000000030e723000)]
  0x00007fc51288a000 JavaThread "Finalizer" daemon [_thread_blocked, id=21763, stack(0x000000030e726000,0x000000030e826000)]
  0x00007fc512891000 JavaThread "Signal Dispatcher" daemon [_thread_blocked, id=24835, stack(0x000000030e937000,0x000000030ea37000)]
  0x00007fc5128a4800 JavaThread "Service Thread" daemon [_thread_blocked, id=25091, stack(0x000000030ea3a000,0x000000030eb3a000)]
  0x00007fc5128a5800 JavaThread "C2 CompilerThread0" daemon [_thread_blocked, id=40451, stack(0x000000030eb3d000,0x000000030ec3d000)]
  0x00007fc513091000 JavaThread "C1 CompilerThread0" daemon [_thread_blocked, id=39939, stack(0x000000030ec40000,0x000000030ed40000)]
  0x00007fc5128be800 JavaThread "Sweeper thread" daemon [_thread_blocked, id=39683, stack(0x000000030ed43000,0x000000030ee43000)]
  0x00007fc5128a2800 JavaThread "Common-Cleaner" daemon [_thread_blocked, id=27395, stack(0x000000030ef49000,0x000000030f049000)]

Other Threads:
  0x00007fc512882800 VMThread "VM Thread" [stack: 0x000000030e520000,0x000000030e620000] [id=15875]
  0x00007fc5130ee000 WatcherThread [stack: 0x000000030ee46000,0x000000030ef46000] [id=26927]
  0x00007fc512815000 GCTaskThread "GC Thread#0" [stack: 0x000000030e011000,0x000000030e111000] [id=19971]
  0x00007fc51302a000 ConcurrentGCThread "G1 Main Marker" [stack: 0x000000030e114000,0x000000030e214000] [id=13827]
  0x00007fc51302a800 ConcurrentGCThread "G1 Conc#0" [stack: 0x000000030e217000,0x000000030e317000] [id=19715]
  0x00007fc51308b800 ConcurrentGCThread "G1 Refine#0" [stack: 0x000000030e31a000,0x000000030e41a000] [id=19203]
  0x00007fc51308c000 ConcurrentGCThread "G1 Young RemSet Sampling" [stack: 0x000000030e41d000,0x000000030e51d000] [id=15107]

Threads with active compile tasks:

VM state:not at safepoint (normal execution)

VM Mutex/Monitor currently owned by a thread: None

Heap address: 0x0000000780000000, size: 2048 MB, Compressed Oops mode: Zero based, Oop shift amount: 3
Narrow klass base: 0x0000000800000000, Narrow klass shift: 0
Compressed class space size: 1073741824 Address: 0x0000000800000000

Heap:
 garbage-first heap   total 131072K, used 1024K [0x0000000780000000, 0x0000000800000000)
  region size 1024K, 2 young (2048K), 0 survivors (0K)
 Metaspace       used 3697K, capacity 4486K, committed 4864K, reserved 1056768K
  class space    used 324K, capacity 386K, committed 512K, reserved 1048576K
Heap Regions: E=young(eden), S=young(survivor), O=old, HS=humongous(starts), HC=humongous(continues), CS=collection set, F=free, A=archive, TAMS=top-at-mark-start (previous, next)
|   0|0x0000000780000000, 0x0000000780000000, 0x0000000780100000|  0%| F|  |TAMS 0x0000000780000000, 0x0000000780000000| Untracked 
|   1|0x0000000780100000, 0x0000000780100000, 0x0000000780200000|  0%| F|  |TAMS 0x0000000780100000, 0x0000000780100000| Untracked 
|   2|0x0000000780200000, 0x0000000780200000, 0x0000000780300000|  0%| F|  |TAMS 0x0000000780200000, 0x0000000780200000| Untracked 
|   3|0x0000000780300000, 0x0000000780300000, 0x0000000780400000|  0%| F|  |TAMS 0x0000000780300000, 0x0000000780300000| Untracked 
|   4|0x0000000780400000, 0x0000000780400000, 0x0000000780500000|  0%| F|  |TAMS 0x0000000780400000, 0x0000000780400000| Untracked 
|   5|0x0000000780500000, 0x0000000780500000, 0x0000000780600000|  0%| F|  |TAMS 0x0000000780500000, 0x0000000780500000| Untracked 
|   6|0x0000000780600000, 0x0000000780600000, 0x0000000780700000|  0%| F|  |TAMS 0x0000000780600000, 0x0000000780600000| Untracked 
|   7|0x0000000780700000, 0x0000000780700000, 0x0000000780800000|  0%| F|  |TAMS 0x0000000780700000, 0x0000000780700000| Untracked 
|   8|0x0000000780800000, 0x0000000780800000, 0x0000000780900000|  0%| F|  |TAMS 0x0000000780800000, 0x0000000780800000| Untracked 
|   9|0x0000000780900000, 0x0000000780900000, 0x0000000780a00000|  0%| F|  |TAMS 0x0000000780900000, 0x0000000780900000| Untracked 
|  10|0x0000000780a00000, 0x0000000780a00000, 0x0000000780b00000|  0%| F|  |TAMS 0x0000000780a00000, 0x0000000780a00000| Untracked 
|  11|0x0000000780b00000, 0x0000000780b00000, 0x0000000780c00000|  0%| F|  |TAMS 0x0000000780b00000, 0x0000000780b00000| Untracked 
|  12|0x0000000780c00000, 0x0000000780c00000, 0x0000000780d00000|  0%| F|  |TAMS 0x0000000780c00000, 0x0000000780c00000| Untracked 
|  13|0x0000000780d00000, 0x0000000780d00000, 0x0000000780e00000|  0%| F|  |TAMS 0x0000000780d00000, 0x0000000780d00000| Untracked 
|  14|0x0000000780e00000, 0x0000000780e00000, 0x0000000780f00000|  0%| F|  |TAMS 0x0000000780e00000, 0x0000000780e00000| Untracked 
|  15|0x0000000780f00000, 0x0000000780f00000, 0x0000000781000000|  0%| F|  |TAMS 0x0000000780f00000, 0x0000000780f00000| Untracked 
|  16|0x0000000781000000, 0x0000000781000000, 0x0000000781100000|  0%| F|  |TAMS 0x0000000781000000, 0x0000000781000000| Untracked 
|  17|0x0000000781100000, 0x0000000781100000, 0x0000000781200000|  0%| F|  |TAMS 0x0000000781100000, 0x0000000781100000| Untracked 
|  18|0x0000000781200000, 0x0000000781200000, 0x0000000781300000|  0%| F|  |TAMS 0x0000000781200000, 0x0000000781200000| Untracked 
|  19|0x0000000781300000, 0x0000000781300000, 0x0000000781400000|  0%| F|  |TAMS 0x0000000781300000, 0x0000000781300000| Untracked 
|  20|0x0000000781400000, 0x0000000781400000, 0x0000000781500000|  0%| F|  |TAMS 0x0000000781400000, 0x0000000781400000| Untracked 
|  21|0x0000000781500000, 0x0000000781500000, 0x0000000781600000|  0%| F|  |TAMS 0x0000000781500000, 0x0000000781500000| Untracked 
|  22|0x0000000781600000, 0x0000000781600000, 0x0000000781700000|  0%| F|  |TAMS 0x0000000781600000, 0x0000000781600000| Untracked 
|  23|0x0000000781700000, 0x0000000781700000, 0x0000000781800000|  0%| F|  |TAMS 0x0000000781700000, 0x0000000781700000| Untracked 
|  24|0x0000000781800000, 0x0000000781800000, 0x0000000781900000|  0%| F|  |TAMS 0x0000000781800000, 0x0000000781800000| Untracked 
|  25|0x0000000781900000, 0x0000000781900000, 0x0000000781a00000|  0%| F|  |TAMS 0x0000000781900000, 0x0000000781900000| Untracked 
|  26|0x0000000781a00000, 0x0000000781a00000, 0x0000000781b00000|  0%| F|  |TAMS 0x0000000781a00000, 0x0000000781a00000| Untracked 
|  27|0x0000000781b00000, 0x0000000781b00000, 0x0000000781c00000|  0%| F|  |TAMS 0x0000000781b00000, 0x0000000781b00000| Untracked 
|  28|0x0000000781c00000, 0x0000000781c00000, 0x0000000781d00000|  0%| F|  |TAMS 0x0000000781c00000, 0x0000000781c00000| Untracked 
|  29|0x0000000781d00000, 0x0000000781d00000, 0x0000000781e00000|  0%| F|  |TAMS 0x0000000781d00000, 0x0000000781d00000| Untracked 
|  30|0x0000000781e00000, 0x0000000781e00000, 0x0000000781f00000|  0%| F|  |TAMS 0x0000000781e00000, 0x0000000781e00000| Untracked 
|  31|0x0000000781f00000, 0x0000000781f00000, 0x0000000782000000|  0%| F|  |TAMS 0x0000000781f00000, 0x0000000781f00000| Untracked 
|  32|0x0000000782000000, 0x0000000782000000, 0x0000000782100000|  0%| F|  |TAMS 0x0000000782000000, 0x0000000782000000| Untracked 
|  33|0x0000000782100000, 0x0000000782100000, 0x0000000782200000|  0%| F|  |TAMS 0x0000000782100000, 0x0000000782100000| Untracked 
|  34|0x0000000782200000, 0x0000000782200000, 0x0000000782300000|  0%| F|  |TAMS 0x0000000782200000, 0x0000000782200000| Untracked 
|  35|0x0000000782300000, 0x0000000782300000, 0x0000000782400000|  0%| F|  |TAMS 0x0000000782300000, 0x0000000782300000| Untracked 
|  36|0x0000000782400000, 0x0000000782400000, 0x0000000782500000|  0%| F|  |TAMS 0x0000000782400000, 0x0000000782400000| Untracked 
|  37|0x0000000782500000, 0x0000000782500000, 0x0000000782600000|  0%| F|  |TAMS 0x0000000782500000, 0x0000000782500000| Untracked 
|  38|0x0000000782600000, 0x0000000782600000, 0x0000000782700000|  0%| F|  |TAMS 0x0000000782600000, 0x0000000782600000| Untracked 
|  39|0x0000000782700000, 0x0000000782700000, 0x0000000782800000|  0%| F|  |TAMS 0x0000000782700000, 0x0000000782700000| Untracked 
|  40|0x0000000782800000, 0x0000000782800000, 0x0000000782900000|  0%| F|  |TAMS 0x0000000782800000, 0x0000000782800000| Untracked 
|  41|0x0000000782900000, 0x0000000782900000, 0x0000000782a00000|  0%| F|  |TAMS 0x0000000782900000, 0x0000000782900000| Untracked 
|  42|0x0000000782a00000, 0x0000000782a00000, 0x0000000782b00000|  0%| F|  |TAMS 0x0000000782a00000, 0x0000000782a00000| Untracked 
|  43|0x0000000782b00000, 0x0000000782b00000, 0x0000000782c00000|  0%| F|  |TAMS 0x0000000782b00000, 0x0000000782b00000| Untracked 
|  44|0x0000000782c00000, 0x0000000782c00000, 0x0000000782d00000|  0%| F|  |TAMS 0x0000000782c00000, 0x0000000782c00000| Untracked 
|  45|0x0000000782d00000, 0x0000000782d00000, 0x0000000782e00000|  0%| F|  |TAMS 0x0000000782d00000, 0x0000000782d00000| Untracked 
|  46|0x0000000782e00000, 0x0000000782e00000, 0x0000000782f00000|  0%| F|  |TAMS 0x0000000782e00000, 0x0000000782e00000| Untracked 
|  47|0x0000000782f00000, 0x0000000782f00000, 0x0000000783000000|  0%| F|  |TAMS 0x0000000782f00000, 0x0000000782f00000| Untracked 
|  48|0x0000000783000000, 0x0000000783000000, 0x0000000783100000|  0%| F|  |TAMS 0x0000000783000000, 0x0000000783000000| Untracked 
|  49|0x0000000783100000, 0x0000000783100000, 0x0000000783200000|  0%| F|  |TAMS 0x0000000783100000, 0x0000000783100000| Untracked 
|  50|0x0000000783200000, 0x0000000783200000, 0x0000000783300000|  0%| F|  |TAMS 0x0000000783200000, 0x0000000783200000| Untracked 
|  51|0x0000000783300000, 0x0000000783300000, 0x0000000783400000|  0%| F|  |TAMS 0x0000000783300000, 0x0000000783300000| Untracked 
|  52|0x0000000783400000, 0x0000000783400000, 0x0000000783500000|  0%| F|  |TAMS 0x0000000783400000, 0x0000000783400000| Untracked 
|  53|0x0000000783500000, 0x0000000783500000, 0x0000000783600000|  0%| F|  |TAMS 0x0000000783500000, 0x0000000783500000| Untracked 
|  54|0x0000000783600000, 0x0000000783600000, 0x0000000783700000|  0%| F|  |TAMS 0x0000000783600000, 0x0000000783600000| Untracked 
|  55|0x0000000783700000, 0x0000000783700000, 0x0000000783800000|  0%| F|  |TAMS 0x0000000783700000, 0x0000000783700000| Untracked 
|  56|0x0000000783800000, 0x0000000783800000, 0x0000000783900000|  0%| F|  |TAMS 0x0000000783800000, 0x0000000783800000| Untracked 
|  57|0x0000000783900000, 0x0000000783900000, 0x0000000783a00000|  0%| F|  |TAMS 0x0000000783900000, 0x0000000783900000| Untracked 
|  58|0x0000000783a00000, 0x0000000783a00000, 0x0000000783b00000|  0%| F|  |TAMS 0x0000000783a00000, 0x0000000783a00000| Untracked 
|  59|0x0000000783b00000, 0x0000000783b00000, 0x0000000783c00000|  0%| F|  |TAMS 0x0000000783b00000, 0x0000000783b00000| Untracked 
|  60|0x0000000783c00000, 0x0000000783c00000, 0x0000000783d00000|  0%| F|  |TAMS 0x0000000783c00000, 0x0000000783c00000| Untracked 
|  61|0x0000000783d00000, 0x0000000783d00000, 0x0000000783e00000|  0%| F|  |TAMS 0x0000000783d00000, 0x0000000783d00000| Untracked 
|  62|0x0000000783e00000, 0x0000000783e00000, 0x0000000783f00000|  0%| F|  |TAMS 0x0000000783e00000, 0x0000000783e00000| Untracked 
|  63|0x0000000783f00000, 0x0000000783f00000, 0x0000000784000000|  0%| F|  |TAMS 0x0000000783f00000, 0x0000000783f00000| Untracked 
|  64|0x0000000784000000, 0x0000000784000000, 0x0000000784100000|  0%| F|  |TAMS 0x0000000784000000, 0x0000000784000000| Untracked 
|  65|0x0000000784100000, 0x0000000784100000, 0x0000000784200000|  0%| F|  |TAMS 0x0000000784100000, 0x0000000784100000| Untracked 
|  66|0x0000000784200000, 0x0000000784200000, 0x0000000784300000|  0%| F|  |TAMS 0x0000000784200000, 0x0000000784200000| Untracked 
|  67|0x0000000784300000, 0x0000000784300000, 0x0000000784400000|  0%| F|  |TAMS 0x0000000784300000, 0x0000000784300000| Untracked 
|  68|0x0000000784400000, 0x0000000784400000, 0x0000000784500000|  0%| F|  |TAMS 0x0000000784400000, 0x0000000784400000| Untracked 
|  69|0x0000000784500000, 0x0000000784500000, 0x0000000784600000|  0%| F|  |TAMS 0x0000000784500000, 0x0000000784500000| Untracked 
|  70|0x0000000784600000, 0x0000000784600000, 0x0000000784700000|  0%| F|  |TAMS 0x0000000784600000, 0x0000000784600000| Untracked 
|  71|0x0000000784700000, 0x0000000784700000, 0x0000000784800000|  0%| F|  |TAMS 0x0000000784700000, 0x0000000784700000| Untracked 
|  72|0x0000000784800000, 0x0000000784800000, 0x0000000784900000|  0%| F|  |TAMS 0x0000000784800000, 0x0000000784800000| Untracked 
|  73|0x0000000784900000, 0x0000000784900000, 0x0000000784a00000|  0%| F|  |TAMS 0x0000000784900000, 0x0000000784900000| Untracked 
|  74|0x0000000784a00000, 0x0000000784a00000, 0x0000000784b00000|  0%| F|  |TAMS 0x0000000784a00000, 0x0000000784a00000| Untracked 
|  75|0x0000000784b00000, 0x0000000784b00000, 0x0000000784c00000|  0%| F|  |TAMS 0x0000000784b00000, 0x0000000784b00000| Untracked 
|  76|0x0000000784c00000, 0x0000000784c00000, 0x0000000784d00000|  0%| F|  |TAMS 0x0000000784c00000, 0x0000000784c00000| Untracked 
|  77|0x0000000784d00000, 0x0000000784d00000, 0x0000000784e00000|  0%| F|  |TAMS 0x0000000784d00000, 0x0000000784d00000| Untracked 
|  78|0x0000000784e00000, 0x0000000784e00000, 0x0000000784f00000|  0%| F|  |TAMS 0x0000000784e00000, 0x0000000784e00000| Untracked 
|  79|0x0000000784f00000, 0x0000000784f00000, 0x0000000785000000|  0%| F|  |TAMS 0x0000000784f00000, 0x0000000784f00000| Untracked 
|  80|0x0000000785000000, 0x0000000785000000, 0x0000000785100000|  0%| F|  |TAMS 0x0000000785000000, 0x0000000785000000| Untracked 
|  81|0x0000000785100000, 0x0000000785100000, 0x0000000785200000|  0%| F|  |TAMS 0x0000000785100000, 0x0000000785100000| Untracked 
|  82|0x0000000785200000, 0x0000000785200000, 0x0000000785300000|  0%| F|  |TAMS 0x0000000785200000, 0x0000000785200000| Untracked 
|  83|0x0000000785300000, 0x0000000785300000, 0x0000000785400000|  0%| F|  |TAMS 0x0000000785300000, 0x0000000785300000| Untracked 
|  84|0x0000000785400000, 0x0000000785400000, 0x0000000785500000|  0%| F|  |TAMS 0x0000000785400000, 0x0000000785400000| Untracked 
|  85|0x0000000785500000, 0x0000000785500000, 0x0000000785600000|  0%| F|  |TAMS 0x0000000785500000, 0x0000000785500000| Untracked 
|  86|0x0000000785600000, 0x0000000785600000, 0x0000000785700000|  0%| F|  |TAMS 0x0000000785600000, 0x0000000785600000| Untracked 
|  87|0x0000000785700000, 0x0000000785700000, 0x0000000785800000|  0%| F|  |TAMS 0x0000000785700000, 0x0000000785700000| Untracked 
|  88|0x0000000785800000, 0x0000000785800000, 0x0000000785900000|  0%| F|  |TAMS 0x0000000785800000, 0x0000000785800000| Untracked 
|  89|0x0000000785900000, 0x0000000785900000, 0x0000000785a00000|  0%| F|  |TAMS 0x0000000785900000, 0x0000000785900000| Untracked 
|  90|0x0000000785a00000, 0x0000000785a00000, 0x0000000785b00000|  0%| F|  |TAMS 0x0000000785a00000, 0x0000000785a00000| Untracked 
|  91|0x0000000785b00000, 0x0000000785b00000, 0x0000000785c00000|  0%| F|  |TAMS 0x0000000785b00000, 0x0000000785b00000| Untracked 
|  92|0x0000000785c00000, 0x0000000785c00000, 0x0000000785d00000|  0%| F|  |TAMS 0x0000000785c00000, 0x0000000785c00000| Untracked 
|  93|0x0000000785d00000, 0x0000000785d00000, 0x0000000785e00000|  0%| F|  |TAMS 0x0000000785d00000, 0x0000000785d00000| Untracked 
|  94|0x0000000785e00000, 0x0000000785e00000, 0x0000000785f00000|  0%| F|  |TAMS 0x0000000785e00000, 0x0000000785e00000| Untracked 
|  95|0x0000000785f00000, 0x0000000785f00000, 0x0000000786000000|  0%| F|  |TAMS 0x0000000785f00000, 0x0000000785f00000| Untracked 
|  96|0x0000000786000000, 0x0000000786000000, 0x0000000786100000|  0%| F|  |TAMS 0x0000000786000000, 0x0000000786000000| Untracked 
|  97|0x0000000786100000, 0x0000000786100000, 0x0000000786200000|  0%| F|  |TAMS 0x0000000786100000, 0x0000000786100000| Untracked 
|  98|0x0000000786200000, 0x0000000786200000, 0x0000000786300000|  0%| F|  |TAMS 0x0000000786200000, 0x0000000786200000| Untracked 
|  99|0x0000000786300000, 0x0000000786300000, 0x0000000786400000|  0%| F|  |TAMS 0x0000000786300000, 0x0000000786300000| Untracked 
| 100|0x0000000786400000, 0x0000000786400000, 0x0000000786500000|  0%| F|  |TAMS 0x0000000786400000, 0x0000000786400000| Untracked 
| 101|0x0000000786500000, 0x0000000786500000, 0x0000000786600000|  0%| F|  |TAMS 0x0000000786500000, 0x0000000786500000| Untracked 
| 102|0x0000000786600000, 0x0000000786600000, 0x0000000786700000|  0%| F|  |TAMS 0x0000000786600000, 0x0000000786600000| Untracked 
| 103|0x0000000786700000, 0x0000000786700000, 0x0000000786800000|  0%| F|  |TAMS 0x0000000786700000, 0x0000000786700000| Untracked 
| 104|0x0000000786800000, 0x0000000786800000, 0x0000000786900000|  0%| F|  |TAMS 0x0000000786800000, 0x0000000786800000| Untracked 
| 105|0x0000000786900000, 0x0000000786900000, 0x0000000786a00000|  0%| F|  |TAMS 0x0000000786900000, 0x0000000786900000| Untracked 
| 106|0x0000000786a00000, 0x0000000786a00000, 0x0000000786b00000|  0%| F|  |TAMS 0x0000000786a00000, 0x0000000786a00000| Untracked 
| 107|0x0000000786b00000, 0x0000000786b00000, 0x0000000786c00000|  0%| F|  |TAMS 0x0000000786b00000, 0x0000000786b00000| Untracked 
| 108|0x0000000786c00000, 0x0000000786c00000, 0x0000000786d00000|  0%| F|  |TAMS 0x0000000786c00000, 0x0000000786c00000| Untracked 
| 109|0x0000000786d00000, 0x0000000786d00000, 0x0000000786e00000|  0%| F|  |TAMS 0x0000000786d00000, 0x0000000786d00000| Untracked 
| 110|0x0000000786e00000, 0x0000000786e00000, 0x0000000786f00000|  0%| F|  |TAMS 0x0000000786e00000, 0x0000000786e00000| Untracked 
| 111|0x0000000786f00000, 0x0000000786f00000, 0x0000000787000000|  0%| F|  |TAMS 0x0000000786f00000, 0x0000000786f00000| Untracked 
| 112|0x0000000787000000, 0x0000000787000000, 0x0000000787100000|  0%| F|  |TAMS 0x0000000787000000, 0x0000000787000000| Untracked 
| 113|0x0000000787100000, 0x0000000787100000, 0x0000000787200000|  0%| F|  |TAMS 0x0000000787100000, 0x0000000787100000| Untracked 
| 114|0x0000000787200000, 0x0000000787200000, 0x0000000787300000|  0%| F|  |TAMS 0x0000000787200000, 0x0000000787200000| Untracked 
| 115|0x0000000787300000, 0x0000000787300000, 0x0000000787400000|  0%| F|  |TAMS 0x0000000787300000, 0x0000000787300000| Untracked 
| 116|0x0000000787400000, 0x0000000787400000, 0x0000000787500000|  0%| F|  |TAMS 0x0000000787400000, 0x0000000787400000| Untracked 
| 117|0x0000000787500000, 0x0000000787500000, 0x0000000787600000|  0%| F|  |TAMS 0x0000000787500000, 0x0000000787500000| Untracked 
| 118|0x0000000787600000, 0x0000000787600000, 0x0000000787700000|  0%| F|  |TAMS 0x0000000787600000, 0x0000000787600000| Untracked 
| 119|0x0000000787700000, 0x0000000787700000, 0x0000000787800000|  0%| F|  |TAMS 0x0000000787700000, 0x0000000787700000| Untracked 
| 120|0x0000000787800000, 0x0000000787800000, 0x0000000787900000|  0%| F|  |TAMS 0x0000000787800000, 0x0000000787800000| Untracked 
| 121|0x0000000787900000, 0x0000000787900000, 0x0000000787a00000|  0%| F|  |TAMS 0x0000000787900000, 0x0000000787900000| Untracked 
| 122|0x0000000787a00000, 0x0000000787a00000, 0x0000000787b00000|  0%| F|  |TAMS 0x0000000787a00000, 0x0000000787a00000| Untracked 
| 123|0x0000000787b00000, 0x0000000787b00000, 0x0000000787c00000|  0%| F|  |TAMS 0x0000000787b00000, 0x0000000787b00000| Untracked 
| 124|0x0000000787c00000, 0x0000000787c00000, 0x0000000787d00000|  0%| F|  |TAMS 0x0000000787c00000, 0x0000000787c00000| Untracked 
| 125|0x0000000787d00000, 0x0000000787d00000, 0x0000000787e00000|  0%| F|  |TAMS 0x0000000787d00000, 0x0000000787d00000| Untracked 
| 126|0x0000000787e00000, 0x0000000787e7b660, 0x0000000787f00000| 48%| E|  |TAMS 0x0000000787e00000, 0x0000000787e00000| Complete 
| 127|0x0000000787f00000, 0x0000000788000000, 0x0000000788000000|100%| E|CS|TAMS 0x0000000787f00000, 0x0000000787f00000| Complete 

Card table byte_map: [0x000000012b127000,0x000000012b527000] _byte_map_base: 0x0000000127527000

Marking Bits (Prev, Next): (CMBitMap*) 0x00007fc513021218, (CMBitMap*) 0x00007fc513021250
 Prev Bits: [0x000000012b927000, 0x000000012d927000)
 Next Bits: [0x000000012d927000, 0x000000012f927000)

Polling page: 0x0000000104d99000

Metaspace:

Usage:
  Non-class:      4.00 MB capacity,     3.29 MB ( 82%) used,   726.94 KB ( 18%) free+waste,   128 bytes ( <1%) overhead. 
      Class:    386.00 KB capacity,   324.86 KB ( 84%) used,    61.02 KB ( 16%) free+waste,   128 bytes ( <1%) overhead. 
       Both:      4.38 MB capacity,     3.61 MB ( 82%) used,   787.95 KB ( 18%) free+waste,   256 bytes ( <1%) overhead. 

Virtual space:
  Non-class space:        8.00 MB reserved,       4.25 MB ( 53%) committed 
      Class space:        1.00 GB reserved,     512.00 KB ( <1%) committed 
             Both:        1.01 GB reserved,       4.75 MB ( <1%) committed 

Chunk freelists:
   Non-Class:  0 bytes
       Class:  0 bytes
        Both:  0 bytes

MaxMetaspaceSize: unlimited
CompressedClassSpaceSize: 1.00 GB

CodeHeap 'non-profiled nmethods': size=120032Kb used=18Kb max_used=18Kb free=120014Kb
 bounds [0x0000000123bef000, 0x0000000123e5f000, 0x000000012b127000]
CodeHeap 'profiled nmethods': size=120028Kb used=117Kb max_used=117Kb free=119910Kb
 bounds [0x000000011c6b8000, 0x000000011c928000, 0x0000000123bef000]
CodeHeap 'non-nmethods': size=5700Kb used=976Kb max_used=982Kb free=4723Kb
 bounds [0x000000011c127000, 0x000000011c397000, 0x000000011c6b8000]
 total_blobs=326 nmethods=89 adapters=151
 compilation: enabled
              stopped_count=0, restarted_count=0
 full_count=0

Compilation events (20 events):
Event: 0.095 Thread 0x00007fc513091000 nmethod 83 0x000000011c6d2d90 code [0x000000011c6d2f60, 0x000000011c6d3250]
Event: 0.095 Thread 0x00007fc513091000   80       3       jdk.internal.module.ModuleBootstrap$2::hasNext (30 bytes)
Event: 0.095 Thread 0x00007fc513091000 nmethod 80 0x000000011c6d3390 code [0x000000011c6d3560, 0x000000011c6d3890]
Event: 0.095 Thread 0x00007fc513091000   81       3       jdk.internal.module.ModuleBootstrap$2::next (52 bytes)
Event: 0.095 Thread 0x00007fc513091000 nmethod 81 0x000000011c6d3990 code [0x000000011c6d3ba0, 0x000000011c6d40e0]
Event: 0.095 Thread 0x00007fc513091000   85       1       java.lang.Module::getDescriptor (5 bytes)
Event: 0.095 Thread 0x00007fc513091000 nmethod 85 0x0000000123bf2b90 code [0x0000000123bf2d40, 0x0000000123bf2df0]
Event: 0.097 Thread 0x00007fc5128a5800 nmethod 76 0x0000000123bf2e90 code [0x0000000123bf3020, 0x0000000123bf31d8]
Event: 0.097 Thread 0x00007fc5128a5800   78       4       java.util.ImmutableCollections$SetN$SetNIterator::hasNext (13 bytes)
Event: 0.097 Thread 0x00007fc5128a5800 nmethod 78 0x0000000123bf3310 code [0x0000000123bf34a0, 0x0000000123bf3518]
Event: 0.097 Thread 0x00007fc5128a5800   82       4       java.util.HashMap::afterNodeInsertion (1 bytes)
Event: 0.097 Thread 0x00007fc5128a5800 nmethod 82 0x0000000123bf3590 code [0x0000000123bf3720, 0x0000000123bf3778]
Event: 0.100 Thread 0x00007fc513091000   86       3       java.lang.String::hashCode (49 bytes)
Event: 0.100 Thread 0x00007fc513091000 nmethod 86 0x000000011c6d4290 code [0x000000011c6d4460, 0x000000011c6d4750]
Event: 0.100 Thread 0x00007fc513091000   87       3       java.lang.StringLatin1::canEncode (13 bytes)
Event: 0.100 Thread 0x00007fc513091000 nmethod 87 0x000000011c6d4890 code [0x000000011c6d4a40, 0x000000011c6d4b70]
Event: 0.100 Thread 0x00007fc513091000   88       3       java.util.HashMap$Node::<init> (26 bytes)
Event: 0.100 Thread 0x00007fc513091000 nmethod 88 0x000000011c6d4c10 code [0x000000011c6d4dc0, 0x000000011c6d5050]
Event: 0.101 Thread 0x00007fc513091000   89       3       java.lang.CharacterDataLatin1::getProperties (11 bytes)
Event: 0.101 Thread 0x00007fc513091000 nmethod 89 0x000000011c6d5110 code [0x000000011c6d52c0, 0x000000011c6d53f0]

GC Heap History (0 events):
No events

Deoptimization events (4 events):
Event: 0.099 Thread 0x00007fc51281f000 Uncommon trap: trap_request=0xffffff4d fr.pc=0x0000000123bf319c relative=0x000000000000017c
Event: 0.099 Thread 0x00007fc51281f000 Uncommon trap: reason=unstable_if action=reinterpret pc=0x0000000123bf319c method=java.lang.String.hashCode()I @ 14 c2
Event: 0.099 Thread 0x00007fc51281f000 DEOPT PACKING pc=0x0000000123bf319c sp=0x000000030e00c4d0
Event: 0.099 Thread 0x00007fc51281f000 DEOPT UNPACKING pc=0x000000011c14cf9f sp=0x000000030e00c488 mode 2

Classes redefined (0 events):
No events

Internal exceptions (0 events):
No events

Events (20 events):
Event: 0.107 loading class java/util/regex/Pattern$TreeInfo
Event: 0.107 loading class java/util/regex/Pattern$TreeInfo done
Event: 0.107 loading class java/util/regex/Pattern$GroupHead
Event: 0.107 loading class java/util/regex/Pattern$GroupHead done
Event: 0.107 loading class java/util/regex/Pattern$Slice
Event: 0.107 loading class java/util/regex/Pattern$SliceNode
Event: 0.107 loading class java/util/regex/Pattern$SliceNode done
Event: 0.107 loading class java/util/regex/Pattern$Slice done
Event: 0.107 loading class java/util/regex/Pattern$Begin
Event: 0.107 loading class java/util/regex/Pattern$Begin done
Event: 0.107 loading class java/util/regex/Pattern$First
Event: 0.107 loading class java/util/regex/Pattern$First done
Event: 0.107 loading class java/util/regex/Matcher
Event: 0.107 loading class java/util/regex/MatchResult
Event: 0.107 loading class java/util/regex/MatchResult done
Event: 0.107 loading class java/util/regex/Matcher done
Event: 0.107 loading class java/util/regex/IntHashSet
Event: 0.107 loading class java/util/regex/IntHashSet done
Event: 0.107 loading class java/util/ArrayList$SubList
Event: 0.107 loading class java/util/ArrayList$SubList done


Dynamic libraries:
0x00007ffdffd78000 	/Library/Apple/usr/libexec/oah/runtime
0x00007fff3525c000 	/System/Library/Frameworks/Cocoa.framework/Versions/A/Cocoa
0x00007fff22104000 	/System/Library/Frameworks/Security.framework/Versions/A/Security
0x00007fff33459000 	/System/Library/Frameworks/ApplicationServices.framework/Versions/A/ApplicationServices
0x00007fff2a5aa000 	/usr/lib/libz.1.dylib
0x000000010d03d000 	/Library/Java/JavaVirtualMachines/adoptopenjdk-11.jdk/Contents/Home/lib/jli/libjli.dylib
0x00007fff2a676000 	/usr/lib/libSystem.B.dylib
0x00007fff22b2b000 	/System/Library/Frameworks/AppKit.framework/Versions/C/AppKit
0x00007fff259e9000 	/System/Library/Frameworks/CoreData.framework/Versions/A/CoreData
0x00007fff21077000 	/System/Library/Frameworks/Foundation.framework/Versions/C/Foundation
0x00007fff2388e000 	/System/Library/PrivateFrameworks/UIFoundation.framework/Versions/A/UIFoundation
0x00007fff2fe38000 	/System/Library/PrivateFrameworks/RemoteViewServices.framework/Versions/A/RemoteViewServices
0x00007fff28bc5000 	/System/Library/PrivateFrameworks/XCTTargetBootstrap.framework/Versions/A/XCTTargetBootstrap
0x00007fff2b914000 	/usr/lib/libspindump.dylib
0x00007fff23ae3000 	/System/Library/Frameworks/UniformTypeIdentifiers.framework/Versions/A/UniformTypeIdentifiers
0x00007fff2739b000 	/usr/lib/libapp_launch_measurement.dylib
0x00007fff2739e000 	/System/Library/PrivateFrameworks/CoreAutoLayout.framework/Versions/A/CoreAutoLayout
0x00007fff28527000 	/System/Library/Frameworks/Metal.framework/Versions/A/Metal
0x00007fff2921b000 	/usr/lib/liblangid.dylib
0x00007fff28bc9000 	/System/Library/PrivateFrameworks/CoreSVG.framework/Versions/A/CoreSVG
0x00007fff24aca000 	/System/Library/PrivateFrameworks/SkyLight.framework/Versions/A/SkyLight
0x00007fff24e31000 	/System/Library/Frameworks/CoreGraphics.framework/Versions/A/CoreGraphics
0x00007fff3048f000 	/System/Library/Frameworks/Accelerate.framework/Versions/A/Accelerate
0x00007fff2b34f000 	/System/Library/PrivateFrameworks/IconServices.framework/Versions/A/IconServices
0x00007fff2850c000 	/System/Library/Frameworks/IOSurface.framework/Versions/A/IOSurface
0x00007fff2637b000 	/usr/lib/libDiagnosticMessagesClient.dylib
0x00007fff28bb1000 	/System/Library/PrivateFrameworks/DFRFoundation.framework/Versions/A/DFRFoundation
0x00007fff22456000 	/usr/lib/libicucore.A.dylib
0x00007fff2ce59000 	/System/Library/Frameworks/AudioToolbox.framework/Versions/A/AudioToolbox
0x00007fff2c0fe000 	/System/Library/PrivateFrameworks/DataDetectorsCore.framework/Versions/A/DataDetectorsCore
0x00007fff288b1000 	/System/Library/Frameworks/Carbon.framework/Versions/A/Frameworks/HIToolbox.framework/Versions/A/HIToolbox
0x00007fff26df6000 	/System/Library/Frameworks/QuartzCore.framework/Versions/A/QuartzCore
0x00007fff2fe74000 	/System/Library/Frameworks/Carbon.framework/Versions/A/Frameworks/SpeechRecognition.framework/Versions/A/SpeechRecognition
0x00007fff27103000 	/System/Library/PrivateFrameworks/CoreUI.framework/Versions/A/CoreUI
0x00007fff21a5f000 	/System/Library/Frameworks/CoreAudio.framework/Versions/A/CoreAudio
0x00007fff26466000 	/System/Library/Frameworks/DiskArbitration.framework/Versions/A/DiskArbitration
0x00007fff2bd0e000 	/System/Library/PrivateFrameworks/MultitouchSupport.framework/Versions/A/MultitouchSupport
0x00007fff2c0f5000 	/System/Library/PrivateFrameworks/InternationalSupport.framework/Versions/A/InternationalSupport
0x00007fff24a3e000 	/usr/lib/libenergytrace.dylib
0x00007fff22a24000 	/System/Library/Frameworks/IOKit.framework/Versions/A/IOKit
0x00007fff301c1000 	/System/Library/Frameworks/CoreServices.framework/Versions/A/CoreServices
0x00007fff27331000 	/System/Library/PrivateFrameworks/PerformanceAnalysis.framework/Versions/A/PerformanceAnalysis
0x00007fff6cb37000 	/System/Library/Frameworks/OpenGL.framework/Versions/A/OpenGL
0x00007fff2c17a000 	/System/Library/PrivateFrameworks/UserActivity.framework/Versions/A/UserActivity
0x00007fff201b4000 	/usr/lib/libobjc.A.dylib
0x00007fff254eb000 	/System/Library/Frameworks/ColorSync.framework/Versions/A/ColorSync
0x00007fff20395000 	/System/Library/Frameworks/CoreFoundation.framework/Versions/A/CoreFoundation
0x00007fff28e32000 	/System/Library/Frameworks/CoreImage.framework/Versions/A/CoreImage
0x00007fff21876000 	/System/Library/Frameworks/CoreText.framework/Versions/A/CoreText
0x00007fff28bf3000 	/System/Library/Frameworks/ImageIO.framework/Versions/A/ImageIO
0x00007fff2a67c000 	/System/Library/PrivateFrameworks/SoftLinking.framework/Versions/A/SoftLinking
0x00007fff273e7000 	/usr/lib/libxml2.2.dylib
0x00007fff2027a000 	/usr/lib/libc++.1.dylib
0x00007fff2a8ee000 	/usr/lib/libcompression.dylib
0x00007fff24a3f000 	/usr/lib/libMobileGestalt.dylib
0x00007fff2c028000 	/System/Library/PrivateFrameworks/TextureIO.framework/Versions/A/TextureIO
0x00007fff2afdc000 	/usr/lib/libate.dylib
0x00007fff2a670000 	/usr/lib/system/libcache.dylib
0x00007fff2a62c000 	/usr/lib/system/libcommonCrypto.dylib
0x00007fff2a656000 	/usr/lib/system/libcompiler_rt.dylib
0x00007fff2a64b000 	/usr/lib/system/libcopyfile.dylib
0x00007fff200a2000 	/usr/lib/system/libcorecrypto.dylib
0x00007fff2016f000 	/usr/lib/system/libdispatch.dylib
0x00007fff20324000 	/usr/lib/system/libdyld.dylib
0x00007fff2a667000 	/usr/lib/system/libkeymgr.dylib
0x00007fff2dc0b000 	/usr/lib/system/liblaunch.dylib
0x00007fff2a60a000 	/usr/lib/system/libmacho.dylib
0x00007fff29e1f000 	/usr/lib/system/libquarantine.dylib
0x00007fff2a664000 	/usr/lib/system/libremovefile.dylib
0x00007fff24a9b000 	/usr/lib/system/libsystem_asl.dylib
0x00007fff20052000 	/usr/lib/system/libsystem_blocks.dylib
0x00007fff201f1000 	/usr/lib/system/libsystem_c.dylib
0x00007fff2a65e000 	/usr/lib/system/libsystem_collections.dylib
0x00007fff2920c000 	/usr/lib/system/libsystem_configuration.dylib
0x00007fff284fb000 	/usr/lib/system/libsystem_containermanager.dylib
0x00007fff2a3a2000 	/usr/lib/system/libsystem_coreservices.dylib
0x00007fff226b8000 	/usr/lib/system/libsystem_darwin.dylib
0x00007fff2a668000 	/usr/lib/system/libsystem_dnssd.dylib
0x00007fff201ee000 	/usr/lib/system/libsystem_featureflags.dylib
0x00007fff20369000 	/usr/lib/system/libsystem_info.dylib
0x00007fff2a5bd000 	/usr/lib/system/libsystem_m.dylib
0x00007fff20142000 	/usr/lib/system/libsystem_malloc.dylib
0x00007fff24a2f000 	/usr/lib/system/libsystem_networkextension.dylib
0x00007fff22ad3000 	/usr/lib/system/libsystem_notify.dylib
0x00007fff300bf000 	/usr/lib/system/libsystem_product_info_filter.dylib
0x00007fff29210000 	/usr/lib/system/libsystem_sandbox.dylib
0x00007fff2a661000 	/usr/lib/system/libsystem_secinit.dylib
0x00007fff202e9000 	/usr/lib/system/libsystem_kernel.dylib
0x00007fff2035f000 	/usr/lib/system/libsystem_platform.dylib
0x00007fff20318000 	/usr/lib/system/libsystem_pthread.dylib
0x00007fff261c9000 	/usr/lib/system/libsystem_symptoms.dylib
0x00007fff2008a000 	/usr/lib/system/libsystem_trace.dylib
0x00007fff2a638000 	/usr/lib/system/libunwind.dylib
0x00007fff20054000 	/usr/lib/system/libxpc.dylib
0x00007fff202d0000 	/usr/lib/libc++abi.dylib
0x00007fff2a643000 	/usr/lib/liboah.dylib
0x00007fff2ad07000 	/usr/lib/liblzma.5.dylib
0x00007fff20d8b000 	/System/Library/Frameworks/SystemConfiguration.framework/Versions/A/SystemConfiguration
0x00007fff2a678000 	/usr/lib/libfakelink.dylib
0x00007fff24591000 	/System/Library/Frameworks/CFNetwork.framework/Versions/A/CFNetwork
0x00007fff2a7b8000 	/usr/lib/libarchive.2.dylib
0x00007fff20e09000 	/usr/lib/libCRFSuite.dylib
0x00007fff29e46000 	/usr/lib/libbsm.0.dylib
0x00007fff23f4d000 	/usr/lib/libnetwork.dylib
0x00007fff2a67d000 	/usr/lib/libpcap.A.dylib
0x00007fff261c2000 	/usr/lib/libdns_services.dylib
0x00007fff2ad20000 	/usr/lib/libcoretls_cfhelpers.dylib
0x00007fff2a8bc000 	/usr/lib/libapple_nghttp2.dylib
0x00007fff2a610000 	/usr/lib/system/libkxld.dylib
0x00007fff25e30000 	/usr/lib/libsqlite3.dylib
0x00007fff2a384000 	/System/Library/PrivateFrameworks/AppleFSCompression.framework/Versions/A/AppleFSCompression
0x00007fff29e2e000 	/usr/lib/libcoretls.dylib
0x00007fff2a8e9000 	/usr/lib/libpam.2.dylib
0x00007fff2ae1d000 	/usr/lib/libxar.1.dylib
0x00007fff29217000 	/System/Library/PrivateFrameworks/AppleSystemInfo.framework/Versions/A/AppleSystemInfo
0x00007fff29a71000 	/System/Library/PrivateFrameworks/IOMobileFramebuffer.framework/Versions/A/IOMobileFramebuffer
0x00007fff2a394000 	/usr/lib/libbz2.1.0.dylib
0x00007fff2a6b5000 	/usr/lib/libiconv.2.dylib
0x00007fff2a609000 	/usr/lib/libcharset.1.dylib
0x00007fff2736d000 	/System/Library/Frameworks/CoreServices.framework/Versions/A/Frameworks/FSEvents.framework/Versions/A/FSEvents
0x00007fff226c2000 	/System/Library/Frameworks/CoreServices.framework/Versions/A/Frameworks/CarbonCore.framework/Versions/A/CarbonCore
0x00007fff263cb000 	/System/Library/Frameworks/CoreServices.framework/Versions/A/Frameworks/Metadata.framework/Versions/A/Metadata
0x00007fff2a3a7000 	/System/Library/Frameworks/CoreServices.framework/Versions/A/Frameworks/OSServices.framework/Versions/A/OSServices
0x00007fff2a82a000 	/System/Library/Frameworks/CoreServices.framework/Versions/A/Frameworks/SearchKit.framework/Versions/A/SearchKit
0x00007fff2614c000 	/System/Library/Frameworks/CoreServices.framework/Versions/A/Frameworks/AE.framework/Versions/A/AE
0x00007fff20831000 	/System/Library/Frameworks/CoreServices.framework/Versions/A/Frameworks/LaunchServices.framework/Versions/A/LaunchServices
0x00007fff2acb8000 	/System/Library/Frameworks/CoreServices.framework/Versions/A/Frameworks/DictionaryServices.framework/Versions/A/DictionaryServices
0x00007fff27376000 	/System/Library/Frameworks/CoreServices.framework/Versions/A/Frameworks/SharedFileList.framework/Versions/A/SharedFileList
0x00007fff29e22000 	/usr/lib/libCheckFix.dylib
0x00007fff24ab2000 	/System/Library/PrivateFrameworks/TCC.framework/Versions/A/TCC
0x00007fff2921d000 	/System/Library/PrivateFrameworks/CoreNLP.framework/Versions/A/CoreNLP
0x00007fff2637e000 	/System/Library/PrivateFrameworks/MetadataUtilities.framework/Versions/A/MetadataUtilities
0x00007fff20e3f000 	/usr/lib/libmecabra.dylib
0x00007fff2a136000 	/System/Library/Frameworks/MLCompute.framework/Versions/A/MLCompute
0x00007fff29e57000 	/usr/lib/libmecab.dylib
0x00007fff29ea1000 	/usr/lib/libgermantok.dylib
0x00007fff2a892000 	/usr/lib/libThaiTokenizer.dylib
0x00007fff2ae58000 	/usr/lib/libChineseTokenizer.dylib
0x00007fff2a8e7000 	/System/Library/Frameworks/MetalPerformanceShaders.framework/Versions/A/MetalPerformanceShaders
0x00007fff2646d000 	/System/Library/Frameworks/Accelerate.framework/Versions/A/Frameworks/vImage.framework/Versions/A/vImage
0x00007fff3019a000 	/System/Library/Frameworks/Accelerate.framework/Versions/A/Frameworks/vecLib.framework/Versions/A/vecLib
0x00007fff2ae63000 	/System/Library/Frameworks/Accelerate.framework/Versions/A/Frameworks/vecLib.framework/Versions/A/libvMisc.dylib
0x00007fff298cd000 	/System/Library/Frameworks/Accelerate.framework/Versions/A/Frameworks/vecLib.framework/Versions/A/libvDSP.dylib
0x00007fff20b35000 	/System/Library/Frameworks/Accelerate.framework/Versions/A/Frameworks/vecLib.framework/Versions/A/libBLAS.dylib
0x00007fff2a90d000 	/System/Library/Frameworks/Accelerate.framework/Versions/A/Frameworks/vecLib.framework/Versions/A/libLAPACK.dylib
0x00007fff29ea7000 	/System/Library/Frameworks/Accelerate.framework/Versions/A/Frameworks/vecLib.framework/Versions/A/libLinearAlgebra.dylib
0x00007fff2a8d4000 	/System/Library/Frameworks/Accelerate.framework/Versions/A/Frameworks/vecLib.framework/Versions/A/libSparseBLAS.dylib
0x00007fff2a907000 	/System/Library/Frameworks/Accelerate.framework/Versions/A/Frameworks/vecLib.framework/Versions/A/libQuadrature.dylib
0x00007fff292c5000 	/System/Library/Frameworks/Accelerate.framework/Versions/A/Frameworks/vecLib.framework/Versions/A/libBNNS.dylib
0x00007fff20d1c000 	/System/Library/Frameworks/Accelerate.framework/Versions/A/Frameworks/vecLib.framework/Versions/A/libSparse.dylib
0x00007fff291b0000 	/System/Library/Frameworks/MetalPerformanceShaders.framework/Versions/A/Frameworks/MPSCore.framework/Versions/A/MPSCore
0x00007fff2a2f3000 	/System/Library/Frameworks/MetalPerformanceShaders.framework/Versions/A/Frameworks/MPSImage.framework/Versions/A/MPSImage
0x00007fff29ebe000 	/System/Library/Frameworks/MetalPerformanceShaders.framework/Versions/A/Frameworks/MPSNeuralNetwork.framework/Versions/A/MPSNeuralNetwork
0x00007fff2a27e000 	/System/Library/Frameworks/MetalPerformanceShaders.framework/Versions/A/Frameworks/MPSMatrix.framework/Versions/A/MPSMatrix
0x00007fff2a0e6000 	/System/Library/Frameworks/MetalPerformanceShaders.framework/Versions/A/Frameworks/MPSRayIntersector.framework/Versions/A/MPSRayIntersector
0x00007fff2a2b5000 	/System/Library/Frameworks/MetalPerformanceShaders.framework/Versions/A/Frameworks/MPSNDArray.framework/Versions/A/MPSNDArray
0x00007fff20a61000 	/System/Library/PrivateFrameworks/MetalTools.framework/Versions/A/MetalTools
0x00007fff29215000 	/System/Library/PrivateFrameworks/AggregateDictionary.framework/Versions/A/AggregateDictionary
0x00007fff26356000 	/System/Library/PrivateFrameworks/CoreAnalytics.framework/Versions/A/CoreAnalytics
0x00007fff2a894000 	/System/Library/PrivateFrameworks/AppleSauce.framework/Versions/A/AppleSauce
0x00007fff2851e000 	/System/Library/PrivateFrameworks/IOAccelerator.framework/Versions/A/IOAccelerator
0x00007fff6cb2b000 	/System/Library/Frameworks/OpenGL.framework/Versions/A/Libraries/libCoreFSCache.dylib
0x00007fff213db000 	/System/Library/PrivateFrameworks/LanguageModeling.framework/Versions/A/LanguageModeling
0x00007fff29a5e000 	/System/Library/PrivateFrameworks/CoreEmoji.framework/Versions/A/CoreEmoji
0x00007fff292be000 	/System/Library/PrivateFrameworks/LinguisticData.framework/Versions/A/LinguisticData
0x00007fff20cce000 	/System/Library/PrivateFrameworks/Lexicon.framework/Versions/A/Lexicon
0x00007fff2a7a6000 	/usr/lib/libcmph.dylib
0x00007fff2734d000 	/System/Library/Frameworks/OpenDirectory.framework/Versions/A/Frameworks/CFOpenDirectory.framework/Versions/A/CFOpenDirectory
0x00007fff2733d000 	/System/Library/Frameworks/OpenDirectory.framework/Versions/A/OpenDirectory
0x00007fff2ad22000 	/System/Library/PrivateFrameworks/APFS.framework/Versions/A/APFS
0x00007fff29d83000 	/System/Library/Frameworks/SecurityFoundation.framework/Versions/A/SecurityFoundation
0x00007fff2ae2b000 	/usr/lib/libutil.dylib
0x00007fff229e9000 	/System/Library/PrivateFrameworks/CoreServicesStore.framework/Versions/A/CoreServicesStore
0x00007fff29e1a000 	/System/Library/Frameworks/ServiceManagement.framework/Versions/A/ServiceManagement
0x00007fff2ae2f000 	/usr/lib/libxslt.1.dylib
0x00007fff29e10000 	/System/Library/PrivateFrameworks/BackgroundTaskManagement.framework/Versions/A/BackgroundTaskManagement
0x00007fff2bf73000 	/System/Library/Frameworks/ImageIO.framework/Versions/A/Resources/libRadiance.dylib
0x00007fff2bf7c000 	/System/Library/Frameworks/ImageIO.framework/Versions/A/Resources/libJPEG.dylib
0x00007fff2bec8000 	/System/Library/Frameworks/ImageIO.framework/Versions/A/Resources/libPng.dylib
0x00007fff2beef000 	/System/Library/Frameworks/ImageIO.framework/Versions/A/Resources/libTIFF.dylib
0x00007fff2bfd1000 	/System/Library/Frameworks/ImageIO.framework/Versions/A/Resources/libGIF.dylib
0x00007fff2bc2c000 	/System/Library/Frameworks/ImageIO.framework/Versions/A/Resources/libJP2.dylib
0x00007fff2b316000 	/usr/lib/libexpat.1.dylib
0x00007fff2bbe1000 	/System/Library/PrivateFrameworks/AppleJPEG.framework/Versions/A/AppleJPEG
0x00007fff28754000 	/System/Library/PrivateFrameworks/FontServices.framework/libFontParser.dylib
0x00007fff26100000 	/System/Library/PrivateFrameworks/RunningBoardServices.framework/Versions/A/RunningBoardServices
0x00007fff2bd0a000 	/System/Library/PrivateFrameworks/WatchdogClient.framework/Versions/A/WatchdogClient
0x00007fff214c8000 	/System/Library/Frameworks/CoreDisplay.framework/Versions/A/CoreDisplay
0x00007fff2866a000 	/System/Library/Frameworks/CoreMedia.framework/Versions/A/CoreMedia
0x00007fff274ca000 	/System/Library/Frameworks/CoreVideo.framework/Versions/A/CoreVideo
0x00007fff2bd42000 	/System/Library/Frameworks/VideoToolbox.framework/Versions/A/VideoToolbox
0x00007fff2607e000 	/System/Library/PrivateFrameworks/BaseBoard.framework/Versions/A/BaseBoard
0x00007fff2b45b000 	/System/Library/PrivateFrameworks/PersistentConnection.framework/Versions/A/PersistentConnection
0x00007fff25e19000 	/System/Library/PrivateFrameworks/ProtocolBuffer.framework/Versions/A/ProtocolBuffer
0x00007fff26065000 	/System/Library/PrivateFrameworks/CommonUtilities.framework/Versions/A/CommonUtilities
0x00007fff2bb76000 	/System/Library/PrivateFrameworks/Bom.framework/Versions/A/Bom
0x00007fff2bf6c000 	/System/Library/PrivateFrameworks/GPUWrangler.framework/Versions/A/GPUWrangler
0x00007fff2bf4f000 	/System/Library/PrivateFrameworks/IOPresentment.framework/Versions/A/IOPresentment
0x00007fff2bf76000 	/System/Library/PrivateFrameworks/DSExternalDisplay.framework/Versions/A/DSExternalDisplay
0x00007fff2bfd6000 	/System/Library/PrivateFrameworks/CMCaptureCore.framework/Versions/A/CMCaptureCore
0x00007fff2b8fb000 	/System/Library/PrivateFrameworks/AppServerSupport.framework/Versions/A/AppServerSupport
0x00007fff2d9aa000 	/System/Library/PrivateFrameworks/perfdata.framework/Versions/A/perfdata
0x00007fff29d72000 	/System/Library/PrivateFrameworks/AssertionServices.framework/Versions/A/AssertionServices
0x00007fff215ff000 	/System/Library/PrivateFrameworks/AudioToolboxCore.framework/Versions/A/AudioToolboxCore
0x00007fff2864d000 	/System/Library/PrivateFrameworks/caulk.framework/Versions/A/caulk
0x00007fff3d655000 	/System/Library/PrivateFrameworks/SystemPolicy.framework/Versions/A/SystemPolicy
0x00007fff2b10b000 	/usr/lib/libIOReport.dylib
0x00007fff2d1cc000 	/usr/lib/libSMC.dylib
0x00007fff2be95000 	/usr/lib/libAudioToolboxUtility.dylib
0x00007fff3dfbf000 	/usr/lib/libmis.dylib
0x00007fff6cb87000 	/System/Library/Frameworks/OpenGL.framework/Versions/A/Libraries/libGLU.dylib
0x00007fff6cb4a000 	/System/Library/Frameworks/OpenGL.framework/Versions/A/Libraries/libGFXShared.dylib
0x00007fff6cd59000 	/System/Library/Frameworks/OpenGL.framework/Versions/A/Libraries/libGL.dylib
0x00007fff6cb53000 	/System/Library/Frameworks/OpenGL.framework/Versions/A/Libraries/libGLImage.dylib
0x00007fff6cb47000 	/System/Library/Frameworks/OpenGL.framework/Versions/A/Libraries/libCVMSPluginSupport.dylib
0x00007fff6cb32000 	/System/Library/Frameworks/OpenGL.framework/Versions/A/Libraries/libCoreVMClient.dylib
0x00007fff6e19a000 	/System/Library/Frameworks/OpenCL.framework/Versions/A/OpenCL
0x00007fff2b485000 	/System/Library/PrivateFrameworks/GraphVisualizer.framework/Versions/A/GraphVisualizer
0x00007fff2b494000 	/System/Library/PrivateFrameworks/FaceCore.framework/Versions/A/FaceCore
0x00007fff2b8b0000 	/System/Library/PrivateFrameworks/OTSVG.framework/Versions/A/OTSVG
0x00007fff270c1000 	/System/Library/Frameworks/ApplicationServices.framework/Versions/A/Frameworks/ATS.framework/Versions/A/Resources/libFontRegistry.dylib
0x00007fff2b902000 	/System/Library/PrivateFrameworks/FontServices.framework/libhvf.dylib
0x00007fff2b2c2000 	/System/Library/PrivateFrameworks/AppleVA.framework/Versions/A/AppleVA
0x00007fff2d015000 	/System/Library/Frameworks/ApplicationServices.framework/Versions/A/Frameworks/ATS.framework/Versions/A/ATS
0x00007fff2d327000 	/System/Library/Frameworks/ApplicationServices.framework/Versions/A/Frameworks/ColorSyncLegacy.framework/Versions/A/ColorSyncLegacy
0x00007fff255e2000 	/System/Library/Frameworks/ApplicationServices.framework/Versions/A/Frameworks/HIServices.framework/Versions/A/HIServices
0x00007fff2d30c000 	/System/Library/Frameworks/ApplicationServices.framework/Versions/A/Frameworks/LangAnalysis.framework/Versions/A/LangAnalysis
0x00007fff2bfe0000 	/System/Library/Frameworks/ApplicationServices.framework/Versions/A/Frameworks/PrintCore.framework/Versions/A/PrintCore
0x00007fff2d32f000 	/System/Library/Frameworks/ApplicationServices.framework/Versions/A/Frameworks/QD.framework/Versions/A/QD
0x00007fff2d005000 	/System/Library/Frameworks/ApplicationServices.framework/Versions/A/Frameworks/SpeechSynthesis.framework/Versions/A/SpeechSynthesis
0x00007fff2bfa1000 	/System/Library/Frameworks/ApplicationServices.framework/Versions/A/Frameworks/ATSUI.framework/Versions/A/ATSUI
0x00007fff2d2ac000 	/usr/lib/libcups.2.dylib
0x00007fff2d31c000 	/System/Library/PrivateFrameworks/NetAuth.framework/Versions/A/NetAuth
0x00007fff2d9c6000 	/System/Library/Frameworks/Kerberos.framework/Versions/A/Kerberos
0x00007fff2d9d6000 	/System/Library/Frameworks/GSS.framework/Versions/A/GSS
0x00007fff2d081000 	/usr/lib/libresolv.9.dylib
0x00007fff2b917000 	/System/Library/PrivateFrameworks/Heimdal.framework/Versions/A/Heimdal
0x00007fff3375a000 	/System/Library/Frameworks/Kerberos.framework/Versions/A/Libraries/libHeimdalProxy.dylib
0x00007fff261d1000 	/System/Library/Frameworks/Network.framework/Versions/A/Network
0x00007fff2b330000 	/usr/lib/libheimdal-asn1.dylib
0x00007fff2da26000 	/System/Library/PrivateFrameworks/CommonAuth.framework/Versions/A/CommonAuth
0x00007fff27517000 	/System/Library/PrivateFrameworks/login.framework/Versions/A/Frameworks/loginsupport.framework/Versions/A/loginsupport
0x00007fff2cf8a000 	/System/Library/PrivateFrameworks/AudioSession.framework/Versions/A/AudioSession
0x00007fff2cff2000 	/usr/lib/libAudioStatistics.dylib
0x00007fff2b3bd000 	/System/Library/PrivateFrameworks/MediaExperience.framework/Versions/A/MediaExperience
0x00007fff2ce27000 	/System/Library/PrivateFrameworks/AudioSession.framework/libSessionUtility.dylib
0x00007fff2d9b7000 	/usr/lib/libperfcheck.dylib
0x00007fff2d33b000 	/System/Library/PrivateFrameworks/AudioResourceArbitration.framework/Versions/A/AudioResourceArbitration
0x00007fff2b33a000 	/System/Library/PrivateFrameworks/IconFoundation.framework/Versions/A/IconFoundation
0x00007fff2fe64000 	/System/Library/PrivateFrameworks/SpeechRecognitionCore.framework/Versions/A/SpeechRecognitionCore
0x0000000111800000 	/Library/Java/JavaVirtualMachines/adoptopenjdk-11.jdk/Contents/Home/lib/server/libjvm.dylib
0x000000010d0aa000 	/Library/Java/JavaVirtualMachines/adoptopenjdk-11.jdk/Contents/Home/lib/libverify.dylib
0x000000010d124000 	/Library/Java/JavaVirtualMachines/adoptopenjdk-11.jdk/Contents/Home/lib/libjava.dylib
0x000000010d18a000 	/Library/Java/JavaVirtualMachines/adoptopenjdk-11.jdk/Contents/Home/lib/libjimage.dylib
0x000000010d1e4000 	/Library/Java/JavaVirtualMachines/adoptopenjdk-11.jdk/Contents/Home/lib/libzip.dylib


VM Arguments:
java_command: infection
java_class_path (initial): .:/Users/mw/algs4.jar
Launcher Type: SUN_STANDARD

[Global flags]
     intx CICompilerCount                          = 4                                         {product} {ergonomic}
     uint ConcGCThreads                            = 2                                         {product} {ergonomic}
     uint G1ConcRefinementThreads                  = 8                                         {product} {ergonomic}
   size_t G1HeapRegionSize                         = 1048576                                   {product} {ergonomic}
    uintx GCDrainStackTargetSize                   = 64                                        {product} {ergonomic}
   size_t InitialHeapSize                          = 134217728                                 {product} {ergonomic}
   size_t MarkStackSize                            = 4194304                                   {product} {ergonomic}
   size_t MaxHeapSize                              = 2147483648                                {product} {ergonomic}
   size_t MaxNewSize                               = 1287651328                                {product} {ergonomic}
   size_t MinHeapDeltaBytes                        = 1048576                                   {product} {ergonomic}
    uintx NonNMethodCodeHeapSize                   = 5836300                                {pd product} {ergonomic}
    uintx NonProfiledCodeHeapSize                  = 122910970                              {pd product} {ergonomic}
    uintx ProfiledCodeHeapSize                     = 122910970                              {pd product} {ergonomic}
    uintx ReservedCodeCacheSize                    = 251658240                              {pd product} {ergonomic}
     bool SegmentedCodeCache                       = true                                      {product} {ergonomic}
     bool UseCompressedClassPointers               = true                                 {lp64_product} {ergonomic}
     bool UseCompressedOops                        = true                                 {lp64_product} {ergonomic}
     bool UseG1GC                                  = true                                      {product} {ergonomic}

Logging:
Log output configuration:
 #0: stdout all=warning uptime,level,tags
 #1: stderr all=off uptime,level,tags

Environment Variables:
CLASSPATH=.:/Users/mw/algs4.jar
PATH=/Users/mw/Library/Python/3.8/bin:/Library/PostgreSQL/13/bin:/usr/local/bin:/usr/bin:/bin:/usr/sbin:/sbin:/usr/local/share/dotnet:~/.dotnet/tools
SHELL=/bin/zsh
LC_CTYPE=UTF-8

Signal Handlers:
SIGSEGV: [libjvm.dylib+0x7b893a], sa_mask[0]=11111111111111111111111111111111, sa_flags=SA_ONSTACK|SA_RESTART|SA_SIGINFO
SIGBUS: [libjvm.dylib+0x7b893a], sa_mask[0]=11111111111111111111111111111111, sa_flags=SA_RESTART|SA_SIGINFO
SIGFPE: [libjvm.dylib+0x7b893a], sa_mask[0]=11111111111111111111111111111111, sa_flags=SA_RESTART|SA_SIGINFO
SIGPIPE: [libjvm.dylib+0x61e7db], sa_mask[0]=11111111111111111111111111111111, sa_flags=SA_RESTART|SA_SIGINFO
SIGXFSZ: [libjvm.dylib+0x61e7db], sa_mask[0]=11111111111111111111111111111111, sa_flags=SA_RESTART|SA_SIGINFO
SIGILL: [libjvm.dylib+0x7b893a], sa_mask[0]=11111111111111111111111111111111, sa_flags=SA_RESTART|SA_SIGINFO
SIGUSR2: [libjvm.dylib+0x61edc3], sa_mask[0]=00000000000000000000000000000000, sa_flags=SA_RESTART|SA_SIGINFO
SIGHUP: [libjvm.dylib+0x61d909], sa_mask[0]=11111111111111111111111111111111, sa_flags=SA_RESTART|SA_SIGINFO
SIGINT: [libjvm.dylib+0x61d909], sa_mask[0]=11111111111111111111111111111111, sa_flags=SA_RESTART|SA_SIGINFO
SIGTERM: [libjvm.dylib+0x61d909], sa_mask[0]=11111111111111111111111111111111, sa_flags=SA_RESTART|SA_SIGINFO
SIGQUIT: [libjvm.dylib+0x61d909], sa_mask[0]=11111111111111111111111111111111, sa_flags=SA_RESTART|SA_SIGINFO


---------------  S Y S T E M  ---------------

OS:uname:Darwin 20.3.0 Darwin Kernel Version 20.3.0: Thu Jan 21 00:06:51 PST 2021; root:xnu-7195.81.3~1/RELEASE_ARM64_T8101 x86_64
OS uptime: 0 days 0:02 hours
rlimit (soft/hard): STACK 8176k/65520k , CORE 0k/infinity , NPROC 1333/2000 , NOFILE 10240/infinity , AS infinity/infinity , CPU infinity/infinity , DATA infinity/infinity , FSIZE infinity/infinity , MEMLOCK infinity/infinity , RSS infinity/infinity
load average:5.62 3.43 1.45

CPU:total 8 (initial active 8) (1 cores per cpu, 1 threads per core) family 6 model 44 stepping 0 microcode 0x0, cmov, cx8, fxsr, mmx, sse, sse2, sse3, ssse3, sse4.1, sse4.2, popcnt, aes, clmul, tsc, tscinvbit, tscinv

Memory: 4k page, physical 8388608k(169784k free), swap 0k(0k free)

vm_info: OpenJDK 64-Bit Server VM (11.0.10+9) for bsd-amd64 JRE (11.0.10+9), built on Jan 20 2021 11:55:30 by "jenkins" with gcc 4.2.1 Compatible Apple LLVM 10.0.1 (clang-1001.0.46.4)

END.
